===========START TASKS==02.05.2013 16:24===========
http://5plus.off/calendar_alert/
Всего отправлено напоминаний: 0 на почту и 0 СМС.
===========END TASKS==02.05.2013 16:24===========

===========START TASKS==02.05.2013 20:27===========
http://test1.2foo.ru/calendar_alert/
Всего отправлено напоминаний: 0 на почту и 0 СМС.
===========END TASKS==02.05.2013 20:27===========

===========START TASKS==03.05.2013 13:10===========
http://test1.2foo.ru/calendar_alert/
Всего отправлено напоминаний: 0 на почту и 0 СМС.
===========END TASKS==03.05.2013 13:10===========

===========START TASKS==03.05.2013 13:10===========
http://test1.2foo.ru/calendar_alert/
Всего отправлено напоминаний: 0 на почту и 0 СМС.
===========END TASKS==03.05.2013 13:10===========

===========START TASKS==03.05.2013 13:45===========
http://test1.2foo.ru/calendar_alert/
Всего отправлено напоминаний: 0 на почту и 0 СМС.
===========END TASKS==03.05.2013 13:45===========

===========START TASKS==03.05.2013 14:54===========
http://test1.2foo.ru/calendar_alert/
Всего отправлено напоминаний: 0 на почту и 0 СМС.
===========END TASKS==03.05.2013 14:54===========

===========START TASKS==03.05.2013 16:49===========
http://test1.2foo.ru/calendar_alert/
Всего отправлено напоминаний: 0 на почту и 0 СМС.
===========END TASKS==03.05.2013 16:49===========

===========START TASKS==06.05.2013 10:38===========
http://test1.2foo.ru/calendar_alert/
Всего отправлено напоминаний: 0 на почту и 0 СМС.
===========END TASKS==06.05.2013 10:38===========

===========START TASKS==07.05.2013 09:55===========
http://test1.2foo.ru/calendar_alert/
Всего отправлено напоминаний: 0 на почту и 0 СМС.
===========END TASKS==07.05.2013 09:55===========

===========START TASKS==10.05.2013 18:48===========
http://test1.2foo.ru/calendar_alert/
Всего отправлено напоминаний: 0 на почту и 0 СМС.
===========END TASKS==10.05.2013 18:48===========

===========START TASKS==11.05.2013 16:29===========
http://test1.2foo.ru/calendar_alert/
Всего отправлено напоминаний: 0 на почту и 0 СМС.
===========END TASKS==11.05.2013 16:29===========

===========START TASKS==11.05.2013 16:29===========
http://test1.2foo.ru/calendar_alert/
Всего отправлено напоминаний: 0 на почту и 0 СМС.
===========END TASKS==11.05.2013 16:29===========

===========START TASKS==11.05.2013 16:29===========
http://test1.2foo.ru/calendar_alert/
Всего отправлено напоминаний: 0 на почту и 0 СМС.
===========END TASKS==11.05.2013 16:29===========

===========START TASKS==11.05.2013 18:03===========
http://test1.2foo.ru/calendar_alert/
Всего отправлено напоминаний: 0 на почту и 0 СМС.
===========END TASKS==11.05.2013 18:03===========

===========START TASKS==14.05.2013 11:27===========
http://test1.2foo.ru/calendar_alert/
Всего отправлено напоминаний: 0 на почту и 0 СМС.
===========END TASKS==14.05.2013 11:27===========

===========START TASKS==14.05.2013 15:48===========
http://test1.2foo.ru/calendar_alert/
Всего отправлено напоминаний: 0 на почту и 0 СМС.
===========END TASKS==14.05.2013 15:48===========

===========START TASKS==14.05.2013 15:50===========
http://test1.2foo.ru/calendar_alert/
Всего отправлено напоминаний: 0 на почту и 0 СМС.
===========END TASKS==14.05.2013 15:50===========

===========START TASKS==14.05.2013 16:27===========
http://test1.2foo.ru/calendar_alert/
Всего отправлено напоминаний: 0 на почту и 0 СМС.
===========END TASKS==14.05.2013 16:27===========

===========START TASKS==15.05.2013 11:10===========
http://test1.2foo.ru/calendar_alert/
Всего отправлено напоминаний: 0 на почту и 0 СМС.
===========END TASKS==15.05.2013 11:10===========

===========START TASKS==15.05.2013 11:14===========
http://test1.2foo.ru/calendar_alert/
Всего отправлено напоминаний: 0 на почту и 0 СМС.
===========END TASKS==15.05.2013 11:14===========

===========START TASKS==15.05.2013 18:40===========
http://diplom5plus.ru/calendar_alert/
Всего отправлено напоминаний: 0 на почту и 0 СМС.
===========END TASKS==15.05.2013 18:40===========

===========START TASKS==15.05.2013 18:43===========
http://diplom5plus.ru/calendar_alert/
Всего отправлено напоминаний: 0 на почту и 0 СМС.
===========END TASKS==15.05.2013 18:43===========

===========START TASKS==15.05.2013 18:50===========
http://diplom5plus.ru/calendar_alert/
Всего отправлено напоминаний: 0 на почту и 0 СМС.
===========END TASKS==15.05.2013 18:50===========

===========START TASKS==15.05.2013 18:55===========
http://diplom5plus.ru/calendar_alert/
Всего отправлено напоминаний: 0 на почту и 0 СМС.
===========END TASKS==15.05.2013 18:55===========

===========START TASKS==15.05.2013 18:57===========
http://diplom5plus.ru/calendar_alert/
Всего отправлено напоминаний: 0 на почту и 0 СМС.
===========END TASKS==15.05.2013 18:57===========

===========START TASKS==15.05.2013 18:58===========
http://diplom5plus.ru/calendar_alert/
Всего отправлено напоминаний: 0 на почту и 0 СМС.
===========END TASKS==15.05.2013 18:58===========

===========START TASKS==15.05.2013 18:59===========
http://diplom5plus.ru/calendar_alert/
Всего отправлено напоминаний: 0 на почту и 0 СМС.
===========END TASKS==15.05.2013 18:59===========

===========START TASKS==15.05.2013 19:01===========
http://diplom5plus.ru/calendar_alert/
Всего отправлено напоминаний: 0 на почту и 0 СМС.
===========END TASKS==15.05.2013 19:01===========

===========START TASKS==15.05.2013 19:01===========
http://diplom5plus.ru/calendar_alert/
Всего отправлено напоминаний: 0 на почту и 0 СМС.
===========END TASKS==15.05.2013 19:01===========

===========START TASKS==15.05.2013 19:01===========
http://diplom5plus.ru/calendar_alert/
Всего отправлено напоминаний: 0 на почту и 0 СМС.
===========END TASKS==15.05.2013 19:01===========

===========START TASKS==15.05.2013 19:02===========
http://diplom5plus.ru/calendar_alert/
Всего отправлено напоминаний: 0 на почту и 0 СМС.
===========END TASKS==15.05.2013 19:02===========

===========START TASKS==15.05.2013 19:02===========
http://diplom5plus.ru/calendar_alert/
Всего отправлено напоминаний: 0 на почту и 0 СМС.
===========END TASKS==15.05.2013 19:02===========

===========START TASKS==15.05.2013 19:02===========
http://diplom5plus.ru/calendar_alert/
Всего отправлено напоминаний: 0 на почту и 0 СМС.
===========END TASKS==15.05.2013 19:02===========

===========START TASKS==16.05.2013 07:31===========
http://diplom5plus.ru/calendar_alert/
Всего отправлено напоминаний: 0 на почту и 0 СМС.
===========END TASKS==16.05.2013 07:31===========

===========START TASKS==16.05.2013 08:41===========
http://diplom5plus.ru/calendar_alert/
Всего отправлено напоминаний: 0 на почту и 0 СМС.
===========END TASKS==16.05.2013 08:41===========

===========START TASKS==16.05.2013 08:46===========
http://diplom5plus.ru/calendar_alert/
Всего отправлено напоминаний: 0 на почту и 0 СМС.
===========END TASKS==16.05.2013 08:46===========

===========START TASKS==16.05.2013 08:49===========
http://diplom5plus.ru/calendar_alert/
Всего отправлено напоминаний: 0 на почту и 0 СМС.
===========END TASKS==16.05.2013 08:49===========

===========START TASKS==16.05.2013 08:51===========
http://diplom5plus.ru/calendar_alert/
Всего отправлено напоминаний: 0 на почту и 0 СМС.
===========END TASKS==16.05.2013 08:51===========

===========START TASKS==16.05.2013 08:53===========
http://diplom5plus.ru/calendar_alert/
Всего отправлено напоминаний: 0 на почту и 0 СМС.
===========END TASKS==16.05.2013 08:53===========

===========START TASKS==16.05.2013 08:59===========
http://diplom5plus.ru/calendar_alert/
Всего отправлено напоминаний: 0 на почту и 0 СМС.
===========END TASKS==16.05.2013 08:59===========

===========START TASKS==16.05.2013 09:01===========
http://diplom5plus.ru/calendar_alert/
Всего отправлено напоминаний: 0 на почту и 0 СМС.
===========END TASKS==16.05.2013 09:01===========

===========START TASKS==16.05.2013 09:04===========
http://diplom5plus.ru/calendar_alert/
Всего отправлено напоминаний: 0 на почту и 0 СМС.
===========END TASKS==16.05.2013 09:04===========

===========START TASKS==16.05.2013 09:10===========
http://diplom5plus.ru/calendar_alert/
Всего отправлено напоминаний: 0 на почту и 0 СМС.
===========END TASKS==16.05.2013 09:10===========

===========START TASKS==16.05.2013 09:11===========
http://diplom5plus.ru/calendar_alert/
Всего отправлено напоминаний: 0 на почту и 0 СМС.
===========END TASKS==16.05.2013 09:11===========

===========START TASKS==16.05.2013 09:12===========
http://diplom5plus.ru/calendar_alert/
Всего отправлено напоминаний: 0 на почту и 0 СМС.
===========END TASKS==16.05.2013 09:12===========

===========START TASKS==16.05.2013 09:12===========
http://diplom5plus.ru/calendar_alert/
Всего отправлено напоминаний: 0 на почту и 0 СМС.
===========END TASKS==16.05.2013 09:12===========

===========START TASKS==16.05.2013 09:13===========
http://diplom5plus.ru/calendar_alert/
Всего отправлено напоминаний: 0 на почту и 0 СМС.
===========END TASKS==16.05.2013 09:13===========

===========START TASKS==16.05.2013 09:15===========
http://diplom5plus.ru/calendar_alert/
Всего отправлено напоминаний: 0 на почту и 0 СМС.
===========END TASKS==16.05.2013 09:15===========

===========START TASKS==16.05.2013 09:16===========
http://diplom5plus.ru/calendar_alert/
Всего отправлено напоминаний: 0 на почту и 0 СМС.
===========END TASKS==16.05.2013 09:16===========

===========START TASKS==16.05.2013 09:18===========
http://diplom5plus.ru/calendar_alert/
Всего отправлено напоминаний: 0 на почту и 0 СМС.
===========END TASKS==16.05.2013 09:18===========

===========START TASKS==16.05.2013 09:31===========
http://diplom5plus.ru/calendar_alert/
Всего отправлено напоминаний: 0 на почту и 0 СМС.
===========END TASKS==16.05.2013 09:31===========

===========START TASKS==16.05.2013 09:31===========
http://diplom5plus.ru/calendar_alert/
Всего отправлено напоминаний: 0 на почту и 0 СМС.
===========END TASKS==16.05.2013 09:31===========

===========START TASKS==16.05.2013 09:33===========
http://diplom5plus.ru/calendar_alert/
Всего отправлено напоминаний: 0 на почту и 0 СМС.
===========END TASKS==16.05.2013 09:33===========

===========START TASKS==16.05.2013 09:37===========
http://diplom5plus.ru/calendar_alert/
Всего отправлено напоминаний: 0 на почту и 0 СМС.
===========END TASKS==16.05.2013 09:37===========

===========START TASKS==16.05.2013 09:39===========
http://diplom5plus.ru/calendar_alert/
Всего отправлено напоминаний: 0 на почту и 0 СМС.
===========END TASKS==16.05.2013 09:39===========

===========START TASKS==16.05.2013 09:56===========
http://diplom5plus.ru/calendar_alert/
Всего отправлено напоминаний: 0 на почту и 0 СМС.
===========END TASKS==16.05.2013 09:56===========

===========START TASKS==16.05.2013 10:11===========
http://diplom5plus.ru/calendar_alert/
Всего отправлено напоминаний: 0 на почту и 0 СМС.
===========END TASKS==16.05.2013 10:11===========

===========START TASKS==16.05.2013 10:27===========
http://diplom5plus.ru/calendar_alert/
Всего отправлено напоминаний: 0 на почту и 0 СМС.
===========END TASKS==16.05.2013 10:27===========

===========START TASKS==16.05.2013 10:33===========
http://diplom5plus.ru/calendar_alert/
Всего отправлено напоминаний: 0 на почту и 0 СМС.
===========END TASKS==16.05.2013 10:33===========

===========START TASKS==16.05.2013 10:39===========
http://diplom5plus.ru/calendar_alert/
Всего отправлено напоминаний: 0 на почту и 0 СМС.
===========END TASKS==16.05.2013 10:39===========

===========START TASKS==16.05.2013 14:48===========
http://diplom5plus.ru/calendar_alert/
Всего отправлено напоминаний: 0 на почту и 0 СМС.
===========END TASKS==16.05.2013 14:48===========

===========START TASKS==16.05.2013 15:09===========
http://diplom5plus.ru/calendar_alert/
Всего отправлено напоминаний: 0 на почту и 0 СМС.
===========END TASKS==16.05.2013 15:09===========

===========START TASKS==16.05.2013 15:14===========
http://diplom5plus.ru/calendar_alert/
Всего отправлено напоминаний: 0 на почту и 0 СМС.
===========END TASKS==16.05.2013 15:14===========

===========START TASKS==16.05.2013 15:47===========
http://diplom5plus.ru/calendar_alert/
Всего отправлено напоминаний: 0 на почту и 0 СМС.
===========END TASKS==16.05.2013 15:47===========

===========START TASKS==17.05.2013 18:25===========
http://diplom5plus.ru/calendar_alert/
Всего отправлено напоминаний: 0 на почту и 0 СМС.
===========END TASKS==17.05.2013 18:25===========

===========START TASKS==18.05.2013 21:18===========
http://diplom5plus.ru/calendar_alert/
Всего отправлено напоминаний: 0 на почту и 0 СМС.
===========END TASKS==18.05.2013 21:18===========

===========START TASKS==18.05.2013 21:19===========
http://diplom5plus.ru/calendar_alert/
Всего отправлено напоминаний: 0 на почту и 0 СМС.
===========END TASKS==18.05.2013 21:19===========

===========START TASKS==18.05.2013 21:53===========
http://diplom5plus.ru/calendar_alert/
Всего отправлено напоминаний: 0 на почту и 0 СМС.
===========END TASKS==18.05.2013 21:53===========

===========START TASKS==19.05.2013 20:03===========
http://diplom5plus.ru/calendar_alert/
Всего отправлено напоминаний: 0 на почту и 0 СМС.
===========END TASKS==19.05.2013 20:03===========

===========START TASKS==19.05.2013 20:24===========
http://diplom5plus.ru/calendar_alert/
Всего отправлено напоминаний: 0 на почту и 0 СМС.
===========END TASKS==19.05.2013 20:24===========

===========START TASKS==19.05.2013 20:26===========
http://diplom5plus.ru/calendar_alert/
Всего отправлено напоминаний: 0 на почту и 0 СМС.
===========END TASKS==19.05.2013 20:26===========

===========START TASKS==19.05.2013 21:06===========
http://diplom5plus.ru/calendar_alert/
Всего отправлено напоминаний: 0 на почту и 0 СМС.
===========END TASKS==19.05.2013 21:06===========

===========START TASKS==19.05.2013 21:08===========
http://diplom5plus.ru/calendar_alert/
Всего отправлено напоминаний: 0 на почту и 0 СМС.
===========END TASKS==19.05.2013 21:08===========

===========START TASKS==20.05.2013 09:00===========
http://diplom5plus.ru/calendar_alert/
Всего отправлено напоминаний: 0 на почту и 0 СМС.
===========END TASKS==20.05.2013 09:00===========

===========START TASKS==20.05.2013 10:08===========
http://diplom5plus.ru/calendar_alert/
Всего отправлено напоминаний: 0 на почту и 0 СМС.
===========END TASKS==20.05.2013 10:08===========

===========START TASKS==20.05.2013 10:25===========
http://diplom5plus.ru/calendar_alert/
Всего отправлено напоминаний: 0 на почту и 0 СМС.
===========END TASKS==20.05.2013 10:25===========

===========START TASKS==20.05.2013 10:31===========
http://diplom5plus.ru/calendar_alert/
Всего отправлено напоминаний: 0 на почту и 0 СМС.
===========END TASKS==20.05.2013 10:31===========

===========START TASKS==20.05.2013 14:32===========
http://diplom5plus.ru/calendar_alert/
Всего отправлено напоминаний: 0 на почту и 0 СМС.
===========END TASKS==20.05.2013 14:32===========

===========START TASKS==20.05.2013 17:53===========
http://diplom5plus.ru/calendar_alert/
Всего отправлено напоминаний: 0 на почту и 0 СМС.
===========END TASKS==20.05.2013 17:53===========

===========START TASKS==20.05.2013 17:55===========
http://diplom5plus.ru/calendar_alert/
Всего отправлено напоминаний: 0 на почту и 0 СМС.
===========END TASKS==20.05.2013 17:55===========

===========START TASKS==20.05.2013 17:57===========
http://diplom5plus.ru/calendar_alert/
Всего отправлено напоминаний: 0 на почту и 0 СМС.
===========END TASKS==20.05.2013 17:57===========

===========START TASKS==20.05.2013 17:58===========
http://diplom5plus.ru/calendar_alert/
Всего отправлено напоминаний: 0 на почту и 0 СМС.
===========END TASKS==20.05.2013 17:58===========

===========START TASKS==20.05.2013 18:08===========
http://diplom5plus.ru/calendar_alert/
Всего отправлено напоминаний: 0 на почту и 0 СМС.
===========END TASKS==20.05.2013 18:08===========

===========START TASKS==20.05.2013 18:14===========
http://diplom5plus.ru/calendar_alert/
Всего отправлено напоминаний: 0 на почту и 0 СМС.
===========END TASKS==20.05.2013 18:14===========

===========START TASKS==20.05.2013 18:15===========
http://diplom5plus.ru/calendar_alert/
Всего отправлено напоминаний: 0 на почту и 0 СМС.
===========END TASKS==20.05.2013 18:15===========

===========START TASKS==20.05.2013 18:28===========
http://diplom5plus.ru/calendar_alert/
Всего отправлено напоминаний: 0 на почту и 0 СМС.
===========END TASKS==20.05.2013 18:28===========

===========START TASKS==21.05.2013 11:19===========
http://diplom5plus.ru/calendar_alert/
Всего отправлено напоминаний: 0 на почту и 0 СМС.
===========END TASKS==21.05.2013 11:19===========

===========START TASKS==22.05.2013 15:56===========
http://diplom5plus.ru/calendar_alert/
Всего отправлено напоминаний: 0 на почту и 0 СМС.
===========END TASKS==22.05.2013 15:56===========

===========START TASKS==22.05.2013 20:45===========
http://diplom5plus.ru/calendar_alert/
Всего отправлено напоминаний: 0 на почту и 0 СМС.
===========END TASKS==22.05.2013 20:45===========

===========START TASKS==22.05.2013 20:46===========
http://diplom5plus.ru/calendar_alert/
Всего отправлено напоминаний: 0 на почту и 0 СМС.
===========END TASKS==22.05.2013 20:46===========

===========START TASKS==22.05.2013 20:51===========
http://diplom5plus.ru/calendar_alert/
Всего отправлено напоминаний: 0 на почту и 0 СМС.
===========END TASKS==22.05.2013 20:51===========

===========START TASKS==22.05.2013 20:58===========
http://diplom5plus.ru/calendar_alert/
Всего отправлено напоминаний: 0 на почту и 0 СМС.
===========END TASKS==22.05.2013 20:58===========

===========START TASKS==22.05.2013 20:59===========
http://diplom5plus.ru/calendar_alert/
Всего отправлено напоминаний: 0 на почту и 0 СМС.
===========END TASKS==22.05.2013 20:59===========

===========START TASKS==22.05.2013 21:00===========
http://diplom5plus.ru/calendar_alert/
Всего отправлено напоминаний: 0 на почту и 0 СМС.
===========END TASKS==22.05.2013 21:00===========

===========START TASKS==22.05.2013 21:01===========
http://diplom5plus.ru/calendar_alert/
Всего отправлено напоминаний: 0 на почту и 0 СМС.
===========END TASKS==22.05.2013 21:01===========

===========START TASKS==23.05.2013 05:45===========
http://diplom5plus.ru/calendar_alert/
Всего отправлено напоминаний: 0 на почту и 0 СМС.
===========END TASKS==23.05.2013 05:45===========

===========START TASKS==24.05.2013 09:21===========
http://diplom5plus.ru/calendar_alert/
Всего отправлено напоминаний: 0 на почту и 0 СМС.
===========END TASKS==24.05.2013 09:21===========

===========START TASKS==24.05.2013 09:43===========
http://diplom5plus.ru/calendar_alert/
Всего отправлено напоминаний: 0 на почту и 0 СМС.
===========END TASKS==24.05.2013 09:43===========

===========START TASKS==24.05.2013 10:35===========
http://diplom5plus.ru/calendar_alert/
Всего отправлено напоминаний: 0 на почту и 0 СМС.
===========END TASKS==24.05.2013 10:35===========

===========START TASKS==24.05.2013 13:00===========
http://diplom5plus.ru/calendar_alert/
Всего отправлено напоминаний: 0 на почту и 0 СМС.
===========END TASKS==24.05.2013 13:00===========

===========START TASKS==24.05.2013 13:47===========
http://diplom5plus.ru/calendar_alert/
Всего отправлено напоминаний: 0 на почту и 0 СМС.
===========END TASKS==24.05.2013 13:47===========

===========START TASKS==24.05.2013 13:49===========
http://diplom5plus.ru/calendar_alert/
Всего отправлено напоминаний: 0 на почту и 0 СМС.
===========END TASKS==24.05.2013 13:49===========

===========START TASKS==24.05.2013 13:50===========
http://diplom5plus.ru/calendar_alert/
Всего отправлено напоминаний: 0 на почту и 0 СМС.
===========END TASKS==24.05.2013 13:50===========

===========START TASKS==24.05.2013 13:51===========
http://diplom5plus.ru/calendar_alert/
Всего отправлено напоминаний: 0 на почту и 0 СМС.
===========END TASKS==24.05.2013 13:51===========

===========START TASKS==24.05.2013 13:52===========
http://diplom5plus.ru/calendar_alert/
Всего отправлено напоминаний: 0 на почту и 0 СМС.
===========END TASKS==24.05.2013 13:52===========

===========START TASKS==28.05.2013 07:41===========
http://diplom5plus.ru/calendar_alert/
Всего отправлено напоминаний: 0 на почту и 0 СМС.
===========END TASKS==28.05.2013 07:41===========

===========START TASKS==20.06.2013 11:47===========
http://diplom5plus.ru/calendar_alert/
Всего отправлено напоминаний: 0 на почту и 0 СМС.
===========END TASKS==20.06.2013 11:47===========

===========START TASKS==20.06.2013 11:50===========
http://diplom5plus.ru/calendar_alert/
Всего отправлено напоминаний: 0 на почту и 0 СМС.
===========END TASKS==20.06.2013 11:50===========

===========START TASKS==20.06.2013 11:52===========
http://diplom5plus.ru/calendar_alert/
Всего отправлено напоминаний: 0 на почту и 0 СМС.
===========END TASKS==20.06.2013 11:52===========

===========START TASKS==20.06.2013 11:53===========
http://diplom5plus.ru/calendar_alert/
Всего отправлено напоминаний: 0 на почту и 0 СМС.
===========END TASKS==20.06.2013 11:53===========

===========START TASKS==20.06.2013 11:56===========
http://diplom5plus.ru/calendar_alert/
Всего отправлено напоминаний: 0 на почту и 0 СМС.
===========END TASKS==20.06.2013 11:56===========

===========START TASKS==20.06.2013 11:59===========
http://diplom5plus.ru/calendar_alert/
Всего отправлено напоминаний: 0 на почту и 0 СМС.
===========END TASKS==20.06.2013 11:59===========

===========START TASKS==20.06.2013 12:01===========
http://diplom5plus.ru/calendar_alert/
Всего отправлено напоминаний: 0 на почту и 0 СМС.
===========END TASKS==20.06.2013 12:01===========

===========START TASKS==04.07.2013 08:13===========
http://diplom5plus.ru/calendar_alert/
Всего отправлено напоминаний: 0 на почту и 0 СМС.
===========END TASKS==04.07.2013 08:13===========

===========START TASKS==04.07.2013 08:22===========
http://diplom5plus.ru/calendar_alert/
Всего отправлено напоминаний: 0 на почту и 0 СМС.
===========END TASKS==04.07.2013 08:22===========

===========START TASKS==04.07.2013 08:26===========
http://diplom5plus.ru/calendar_alert/
Всего отправлено напоминаний: 0 на почту и 0 СМС.
===========END TASKS==04.07.2013 08:26===========

===========START TASKS==04.07.2013 08:46===========
http://diplom5plus.ru/calendar_alert/
Всего отправлено напоминаний: 0 на почту и 0 СМС.
===========END TASKS==04.07.2013 08:46===========

===========START TASKS==04.07.2013 09:26===========
http://diplom5plus.ru/calendar_alert/
Всего отправлено напоминаний: 0 на почту и 0 СМС.
===========END TASKS==04.07.2013 09:26===========

===========START TASKS==11.07.2013 12:33===========
http://diplom5plus.ru/calendar_alert/
Всего отправлено напоминаний: 0 на почту и 0 СМС.
===========END TASKS==11.07.2013 12:33===========

===========START TASKS==12.07.2013 11:25===========
http://diplom5plus.ru/calendar_alert/
Всего отправлено напоминаний: 0 на почту и 0 СМС.
===========END TASKS==12.07.2013 11:25===========

===========START TASKS==12.07.2013 11:37===========
http://diplom5plus.ru/calendar_alert/
Всего отправлено напоминаний: 0 на почту и 0 СМС.
===========END TASKS==12.07.2013 11:37===========

===========START TASKS==12.07.2013 11:37===========
http://diplom5plus.ru/calendar_alert/
Всего отправлено напоминаний: 0 на почту и 0 СМС.
===========END TASKS==12.07.2013 11:37===========

===========START TASKS==16.07.2013 16:45===========
http://diplom5plus.ru/calendar_alert/
Всего отправлено напоминаний: 0 на почту и 0 СМС.
===========END TASKS==16.07.2013 16:45===========

===========START TASKS==17.07.2013 15:22===========
http://diplom5plus.ru/calendar_alert/
Всего отправлено напоминаний: 0 на почту и 0 СМС.
===========END TASKS==17.07.2013 15:22===========

===========START TASKS==17.07.2013 15:25===========
http://diplom5plus.ru/calendar_alert/
Всего отправлено напоминаний: 0 на почту и 0 СМС.
===========END TASKS==17.07.2013 15:25===========

===========START TASKS==17.07.2013 15:27===========
http://diplom5plus.ru/calendar_alert/
Всего отправлено напоминаний: 0 на почту и 0 СМС.
===========END TASKS==17.07.2013 15:27===========

===========START TASKS==17.07.2013 15:28===========
http://diplom5plus.ru/calendar_alert/
Всего отправлено напоминаний: 0 на почту и 0 СМС.
===========END TASKS==17.07.2013 15:28===========

===========START TASKS==26.07.2013 17:29===========
http://diplom5plus.ru/calendar_alert/
Всего отправлено напоминаний: 0 на почту и 0 СМС.
===========END TASKS==26.07.2013 17:29===========

===========START TASKS==26.07.2013 17:53===========
http://diplom5plus.ru/calendar_alert/
Всего отправлено напоминаний: 0 на почту и 0 СМС.
===========END TASKS==26.07.2013 17:53===========

===========START TASKS==26.07.2013 18:07===========
http://diplom5plus.ru/calendar_alert/
Всего отправлено напоминаний: 0 на почту и 0 СМС.
===========END TASKS==26.07.2013 18:07===========

===========START TASKS==26.07.2013 18:45===========
http://diplom5plus.ru/calendar_alert/
Всего отправлено напоминаний: 0 на почту и 0 СМС.
===========END TASKS==26.07.2013 18:45===========

===========START TASKS==07.08.2013 18:14===========
http://diplom5plus.ru/calendar_alert/
Всего отправлено напоминаний: 0 на почту и 0 СМС.
===========END TASKS==07.08.2013 18:14===========

===========START TASKS==07.08.2013 19:07===========
http://diplom5plus.ru/calendar_alert/
Всего отправлено напоминаний: 0 на почту и 0 СМС.
===========END TASKS==07.08.2013 19:07===========

===========START TASKS==07.08.2013 19:18===========
http://diplom5plus.ru/calendar_alert/
Всего отправлено напоминаний: 0 на почту и 0 СМС.
===========END TASKS==07.08.2013 19:18===========

===========START TASKS==08.08.2013 16:47===========
http://diplom5plus.ru/calendar_alert/
Всего отправлено напоминаний: 0 на почту и 0 СМС.
===========END TASKS==08.08.2013 16:47===========

===========START TASKS==11.08.2013 09:27===========
http://diplom5plus.ru/calendar_alert/
Всего отправлено напоминаний: 0 на почту и 0 СМС.
===========END TASKS==11.08.2013 09:27===========

===========START TASKS==11.08.2013 09:30===========
http://diplom5plus.ru/calendar_alert/
Всего отправлено напоминаний: 0 на почту и 0 СМС.
===========END TASKS==11.08.2013 09:30===========

===========START TASKS==11.08.2013 09:32===========
http://diplom5plus.ru/calendar_alert/
Всего отправлено напоминаний: 0 на почту и 0 СМС.
===========END TASKS==11.08.2013 09:32===========

===========START TASKS==23.08.2013 17:19===========
http://diplom5plus.ru/calendar_alert/
Всего отправлено напоминаний: 0 на почту и 0 СМС.
===========END TASKS==23.08.2013 17:19===========

===========START TASKS==29.08.2013 17:47===========
http://diplom5plus.ru/calendar_alert/
Всего отправлено напоминаний: 0 на почту и 0 СМС.
===========END TASKS==29.08.2013 17:47===========

===========START TASKS==03.09.2013 08:38===========
http://diplom5plus.ru/calendar_alert/
Всего отправлено напоминаний: 0 на почту и 0 СМС.
===========END TASKS==03.09.2013 08:38===========

===========START TASKS==03.09.2013 15:09===========
http://diplom5plus.ru/calendar_alert/
Всего отправлено напоминаний: 0 на почту и 0 СМС.
===========END TASKS==03.09.2013 15:09===========

===========START TASKS==04.09.2013 14:02===========
http://diplom5plus.ru/calendar_alert/
Всего отправлено напоминаний: 0 на почту и 0 СМС.
===========END TASKS==04.09.2013 14:02===========

===========START TASKS==04.09.2013 14:06===========
http://diplom5plus.ru/calendar_alert/
Всего отправлено напоминаний: 0 на почту и 0 СМС.
===========END TASKS==04.09.2013 14:06===========

===========START TASKS==04.09.2013 14:21===========
http://diplom5plus.ru/calendar_alert/
Всего отправлено напоминаний: 0 на почту и 0 СМС.
===========END TASKS==04.09.2013 14:21===========

===========START TASKS==04.09.2013 14:28===========
http://diplom5plus.ru/calendar_alert/
Всего отправлено напоминаний: 0 на почту и 0 СМС.
===========END TASKS==04.09.2013 14:28===========

===========START TASKS==04.09.2013 14:34===========
http://diplom5plus.ru/calendar_alert/
Всего отправлено напоминаний: 0 на почту и 0 СМС.
===========END TASKS==04.09.2013 14:34===========

===========START TASKS==04.09.2013 14:44===========
http://diplom5plus.ru/calendar_alert/
Всего отправлено напоминаний: 0 на почту и 0 СМС.
===========END TASKS==04.09.2013 14:44===========

===========START TASKS==04.09.2013 14:46===========
http://diplom5plus.ru/calendar_alert/
Всего отправлено напоминаний: 0 на почту и 0 СМС.
===========END TASKS==04.09.2013 14:46===========

===========START TASKS==04.09.2013 14:47===========
http://diplom5plus.ru/calendar_alert/
Всего отправлено напоминаний: 0 на почту и 0 СМС.
===========END TASKS==04.09.2013 14:47===========

===========START TASKS==04.09.2013 14:48===========
http://diplom5plus.ru/calendar_alert/
Всего отправлено напоминаний: 0 на почту и 0 СМС.
===========END TASKS==04.09.2013 14:48===========

===========START TASKS==04.09.2013 14:48===========
http://diplom5plus.ru/calendar_alert/
Всего отправлено напоминаний: 0 на почту и 0 СМС.
===========END TASKS==04.09.2013 14:48===========

===========START TASKS==04.09.2013 14:49===========
http://diplom5plus.ru/calendar_alert/
Всего отправлено напоминаний: 0 на почту и 0 СМС.
===========END TASKS==04.09.2013 14:49===========

===========START TASKS==05.09.2013 08:24===========
http://diplom5plus.ru/calendar_alert/
Всего отправлено напоминаний: 0 на почту и 0 СМС.
===========END TASKS==05.09.2013 08:24===========

===========START TASKS==05.09.2013 11:27===========
http://diplom5plus.ru/calendar_alert/
Всего отправлено напоминаний: 0 на почту и 0 СМС.
===========END TASKS==05.09.2013 11:27===========

===========START TASKS==05.09.2013 11:39===========
http://diplom5plus.ru/calendar_alert/
Всего отправлено напоминаний: 0 на почту и 0 СМС.
===========END TASKS==05.09.2013 11:39===========

===========START TASKS==05.09.2013 11:43===========
http://diplom5plus.ru/calendar_alert/
Всего отправлено напоминаний: 0 на почту и 0 СМС.
===========END TASKS==05.09.2013 11:43===========

===========START TASKS==05.09.2013 11:45===========
http://diplom5plus.ru/calendar_alert/
Всего отправлено напоминаний: 0 на почту и 0 СМС.
===========END TASKS==05.09.2013 11:45===========

===========START TASKS==05.09.2013 12:04===========
http://diplom5plus.ru/calendar_alert/
Всего отправлено напоминаний: 0 на почту и 0 СМС.
===========END TASKS==05.09.2013 12:04===========

===========START TASKS==05.09.2013 12:47===========
http://diplom5plus.ru/calendar_alert/
Всего отправлено напоминаний: 0 на почту и 0 СМС.
===========END TASKS==05.09.2013 12:47===========

===========START TASKS==05.09.2013 12:48===========
http://diplom5plus.ru/calendar_alert/
Всего отправлено напоминаний: 0 на почту и 0 СМС.
===========END TASKS==05.09.2013 12:48===========

===========START TASKS==05.09.2013 12:52===========
http://diplom5plus.ru/calendar_alert/
Всего отправлено напоминаний: 0 на почту и 0 СМС.
===========END TASKS==05.09.2013 12:52===========

===========START TASKS==05.09.2013 13:12===========
http://diplom5plus.ru/calendar_alert/
Всего отправлено напоминаний: 0 на почту и 0 СМС.
===========END TASKS==05.09.2013 13:12===========

===========START TASKS==09.09.2013 14:29===========
http://diplom5plus.ru/calendar_alert/
Всего отправлено напоминаний: 0 на почту и 0 СМС.
===========END TASKS==09.09.2013 14:29===========

===========START TASKS==09.09.2013 14:39===========
http://diplom5plus.ru/calendar_alert/
Всего отправлено напоминаний: 0 на почту и 0 СМС.
===========END TASKS==09.09.2013 14:39===========

===========START TASKS==09.09.2013 15:05===========
http://diplom5plus.ru/calendar_alert/
Всего отправлено напоминаний: 0 на почту и 0 СМС.
===========END TASKS==09.09.2013 15:05===========

===========START TASKS==09.09.2013 15:13===========
http://diplom5plus.ru/calendar_alert/
Всего отправлено напоминаний: 0 на почту и 0 СМС.
===========END TASKS==09.09.2013 15:13===========

===========START TASKS==09.09.2013 15:22===========
http://diplom5plus.ru/calendar_alert/
Всего отправлено напоминаний: 0 на почту и 0 СМС.
===========END TASKS==09.09.2013 15:22===========

===========START TASKS==09.09.2013 15:30===========
http://diplom5plus.ru/calendar_alert/
Всего отправлено напоминаний: 0 на почту и 0 СМС.
===========END TASKS==09.09.2013 15:30===========

===========START TASKS==09.09.2013 15:32===========
http://diplom5plus.ru/calendar_alert/
Всего отправлено напоминаний: 0 на почту и 0 СМС.
===========END TASKS==09.09.2013 15:32===========

===========START TASKS==19.09.2013 12:38===========
http://diplom5plus.ru/calendar_alert/
Всего отправлено напоминаний: 0 на почту и 0 СМС.
===========END TASKS==19.09.2013 12:38===========

===========START TASKS==20.09.2013 08:14===========
http://diplom5plus.ru/calendar_alert/
Всего отправлено напоминаний: 0 на почту и 0 СМС.
===========END TASKS==20.09.2013 08:14===========

===========START TASKS==20.09.2013 08:15===========
http://diplom5plus.ru/calendar_alert/
Всего отправлено напоминаний: 0 на почту и 0 СМС.
===========END TASKS==20.09.2013 08:15===========

===========START TASKS==20.09.2013 08:26===========
http://diplom5plus.ru/calendar_alert/
Всего отправлено напоминаний: 0 на почту и 0 СМС.
===========END TASKS==20.09.2013 08:26===========

===========START TASKS==20.09.2013 08:27===========
http://diplom5plus.ru/calendar_alert/
Всего отправлено напоминаний: 0 на почту и 0 СМС.
===========END TASKS==20.09.2013 08:27===========

===========START TASKS==20.09.2013 09:17===========
http://diplom5plus.ru/calendar_alert/
Всего отправлено напоминаний: 0 на почту и 0 СМС.
===========END TASKS==20.09.2013 09:17===========

===========START TASKS==24.09.2013 11:30===========
http://diplom5plus.ru/calendar_alert/
Всего отправлено напоминаний: 0 на почту и 0 СМС.
===========END TASKS==24.09.2013 11:30===========

===========START TASKS==24.09.2013 11:30===========
http://diplom5plus.ru/calendar_alert/
Всего отправлено напоминаний: 0 на почту и 0 СМС.
===========END TASKS==24.09.2013 11:30===========

===========START TASKS==24.09.2013 11:31===========
http://diplom5plus.ru/calendar_alert/
Всего отправлено напоминаний: 0 на почту и 0 СМС.
===========END TASKS==24.09.2013 11:31===========

===========START TASKS==01.10.2013 21:03===========
http://diplom5plus.ru/calendar_alert/
Всего отправлено напоминаний: 0 на почту и 0 СМС.
===========END TASKS==01.10.2013 21:03===========

===========START TASKS==02.10.2013 08:49===========
http://diplom5plus.ru/calendar_alert/
Всего отправлено напоминаний: 0 на почту и 0 СМС.
===========END TASKS==02.10.2013 08:49===========

===========START TASKS==05.10.2013 08:27===========
http://diplom5plus.ru/calendar_alert/
Всего отправлено напоминаний: 0 на почту и 0 СМС.
===========END TASKS==05.10.2013 08:27===========

===========START TASKS==05.10.2013 08:30===========
http://diplom5plus.ru/calendar_alert/
Всего отправлено напоминаний: 0 на почту и 0 СМС.
===========END TASKS==05.10.2013 08:30===========

===========START TASKS==07.10.2013 14:39===========
http://diplom5plus.ru/calendar_alert/
Всего отправлено напоминаний: 0 на почту и 0 СМС.
===========END TASKS==07.10.2013 14:39===========

===========START TASKS==07.10.2013 14:52===========
http://diplom5plus.ru/calendar_alert/
Всего отправлено напоминаний: 0 на почту и 0 СМС.
===========END TASKS==07.10.2013 14:52===========

===========START TASKS==01.11.2013 10:51===========
http://diplom5plus.ru/calendar_alert/
Всего отправлено напоминаний: 0 на почту и 0 СМС.
===========END TASKS==01.11.2013 10:51===========

===========START TASKS==01.11.2013 15:14===========
http://diplom5plus.ru/calendar_alert/
Всего отправлено напоминаний: 0 на почту и 0 СМС.
===========END TASKS==01.11.2013 15:14===========

===========START TASKS==25.11.2013 17:46===========
http://diplom5plus.ru/calendar_alert/
Всего отправлено напоминаний: 0 на почту и 0 СМС.
===========END TASKS==25.11.2013 17:46===========

===========START TASKS==26.11.2013 13:55===========
http://diplom5plus.ru/calendar_alert/
Всего отправлено напоминаний: 0 на почту и 0 СМС.
===========END TASKS==26.11.2013 13:55===========

===========START TASKS==28.11.2013 11:03===========
http://diplom5plus.ru/calendar_alert/
Всего отправлено напоминаний: 0 на почту и 0 СМС.
===========END TASKS==28.11.2013 11:03===========

===========START TASKS==04.12.2013 11:31===========
http://diplom5plus.ru/calendar_alert/
Всего отправлено напоминаний: 0 на почту и 0 СМС.
===========END TASKS==04.12.2013 11:31===========

===========START TASKS==05.12.2013 10:32===========
http://diplom5plus.ru/calendar_alert/
Всего отправлено напоминаний: 0 на почту и 0 СМС.
===========END TASKS==05.12.2013 10:32===========

===========START TASKS==08.12.2013 11:21===========
http://diplom5plus.ru/calendar_alert/
Всего отправлено напоминаний: 0 на почту и 0 СМС.
===========END TASKS==08.12.2013 11:21===========

===========START TASKS==09.12.2013 08:01===========
http://diplom5plus.ru/calendar_alert/
Всего отправлено напоминаний: 0 на почту и 0 СМС.
===========END TASKS==09.12.2013 08:01===========

===========START TASKS==09.12.2013 08:08===========
http://diplom5plus.ru/calendar_alert/
Всего отправлено напоминаний: 0 на почту и 0 СМС.
===========END TASKS==09.12.2013 08:08===========

===========START TASKS==12.12.2013 05:06===========
http://diplom5plus.ru/calendar_alert/
Всего отправлено напоминаний: 0 на почту и 0 СМС.
===========END TASKS==12.12.2013 05:06===========

===========START TASKS==13.12.2013 11:16===========
http://diplom5plus.ru/calendar_alert/
Всего отправлено напоминаний: 0 на почту и 0 СМС.
===========END TASKS==13.12.2013 11:16===========

===========START TASKS==31.12.2013 10:41===========
http://diplom5plus.ru/calendar_alert/
Всего отправлено напоминаний: 0 на почту и 0 СМС.
===========END TASKS==31.12.2013 10:41===========

===========START TASKS==10.01.2014 20:18===========
http://diplom5plus.ru/calendar_alert/
Всего отправлено напоминаний: 0 на почту и 0 СМС.
===========END TASKS==10.01.2014 20:18===========

===========START TASKS==10.01.2014 20:19===========
http://diplom5plus.ru/calendar_alert/
Всего отправлено напоминаний: 0 на почту и 0 СМС.
===========END TASKS==10.01.2014 20:19===========

===========START TASKS==16.01.2014 20:13===========
http://diplom5plus.ru/calendar_alert/
Всего отправлено напоминаний: 0 на почту и 0 СМС.
===========END TASKS==16.01.2014 20:13===========

===========START TASKS==20.01.2014 20:23===========
http://diplom5plus.ru/calendar_alert/
Всего отправлено напоминаний: 0 на почту и 0 СМС.
===========END TASKS==20.01.2014 20:23===========

===========START TASKS==14.02.2014 11:22===========
http://diplom5plus.ru/calendar_alert/
Всего отправлено напоминаний: 0 на почту и 0 СМС.
===========END TASKS==14.02.2014 11:22===========

===========START TASKS==12.03.2014 17:44===========
http://diplom5plus.ru/calendar_alert/
Всего отправлено напоминаний: 0 на почту и 0 СМС.
===========END TASKS==12.03.2014 17:44===========

===========START TASKS==12.03.2014 17:49===========
http://diplom5plus.ru/calendar_alert/
Всего отправлено напоминаний: 0 на почту и 0 СМС.
===========END TASKS==12.03.2014 17:49===========

===========START TASKS==11.04.2014 13:20===========
http://diplom5plus.ru/calendar_alert/
Всего отправлено напоминаний: 0 на почту и 0 СМС.
===========END TASKS==11.04.2014 13:20===========

===========START TASKS==14.04.2014 11:50===========
http://diplom5plus.ru/calendar_alert/
Всего отправлено напоминаний: 0 на почту и 0 СМС.
===========END TASKS==14.04.2014 11:50===========

===========START TASKS==19.04.2014 09:52===========
http://diplom5plus.ru/calendar_alert/
Всего отправлено напоминаний: 0 на почту и 0 СМС.
===========END TASKS==19.04.2014 09:52===========

===========START TASKS==13.05.2014 14:36===========
http://diplom5plus.ru/calendar_alert/
Всего отправлено напоминаний: 0 на почту и 0 СМС.
===========END TASKS==13.05.2014 14:36===========

===========START TASKS==19.07.2014 19:02===========
http://diplom5plus.ru/calendar_alert/
Всего отправлено напоминаний: 0 на почту и 0 СМС.
===========END TASKS==19.07.2014 19:02===========

===========START TASKS==23.07.2014 10:58===========
http://diplom5plus.ru/calendar_alert/
Всего отправлено напоминаний: 0 на почту и 0 СМС.
===========END TASKS==23.07.2014 10:58===========

===========START TASKS==23.07.2014 11:00===========
http://diplom5plus.ru/calendar_alert/
Всего отправлено напоминаний: 0 на почту и 0 СМС.
===========END TASKS==23.07.2014 11:00===========

===========START TASKS==29.07.2014 11:48===========
http://diplom5plus.ru/calendar_alert/
Всего отправлено напоминаний: 0 на почту и 0 СМС.
===========END TASKS==29.07.2014 11:48===========

===========START TASKS==10.09.2014 07:38===========
http://diplom5plus.ru/calendar_alert/
Всего отправлено напоминаний: 0 на почту и 0 СМС.
===========END TASKS==10.09.2014 07:38===========

===========START TASKS==10.09.2014 09:06===========
http://diplom5plus.ru/calendar_alert/
Всего отправлено напоминаний: 0 на почту и 0 СМС.
===========END TASKS==10.09.2014 09:06===========

===========START TASKS==10.09.2014 09:08===========
http://diplom5plus.ru/calendar_alert/
Всего отправлено напоминаний: 0 на почту и 0 СМС.
===========END TASKS==10.09.2014 09:08===========

===========START TASKS==15.09.2014 11:29===========
http://diplom5plus.ru/calendar_alert/
Всего отправлено напоминаний: 0 на почту и 0 СМС.
===========END TASKS==15.09.2014 11:29===========

===========START TASKS==22.09.2014 09:16===========
http://diplom5plus.ru/calendar_alert/
Всего отправлено напоминаний: 0 на почту и 0 СМС.
===========END TASKS==22.09.2014 09:16===========

===========START TASKS==26.09.2014 18:30===========
http://diplom5plus.ru/calendar_alert/
Всего отправлено напоминаний: 0 на почту и 0 СМС.
===========END TASKS==26.09.2014 18:30===========

===========START TASKS==26.09.2014 18:30===========
http://diplom5plus.ru/calendar_alert/
Всего отправлено напоминаний: 0 на почту и 0 СМС.
===========END TASKS==26.09.2014 18:30===========

===========START TASKS==26.09.2014 18:31===========
http://diplom5plus.ru/calendar_alert/
Всего отправлено напоминаний: 0 на почту и 0 СМС.
===========END TASKS==26.09.2014 18:31===========

===========START TASKS==27.09.2014 18:25===========
http://diplom5plus.ru/calendar_alert/
Всего отправлено напоминаний: 0 на почту и 0 СМС.
===========END TASKS==27.09.2014 18:25===========

===========START TASKS==28.09.2014 19:49===========
http://diplom5plus.ru/calendar_alert/
Всего отправлено напоминаний: 0 на почту и 0 СМС.
===========END TASKS==28.09.2014 19:49===========

===========START TASKS==30.09.2014 14:49===========
http://diplom5plus.ru/calendar_alert/
Всего отправлено напоминаний: 0 на почту и 0 СМС.
===========END TASKS==30.09.2014 14:49===========

===========START TASKS==01.10.2014 12:27===========
http://diplom5plus.ru/calendar_alert/
Всего отправлено напоминаний: 0 на почту и 0 СМС.
===========END TASKS==01.10.2014 12:27===========

===========START TASKS==17.10.2014 21:36===========
http://diplom5plus.ru/calendar_alert/
Всего отправлено напоминаний: 0 на почту и 0 СМС.
===========END TASKS==17.10.2014 21:36===========

===========START TASKS==17.10.2014 21:37===========
http://diplom5plus.ru/calendar_alert/
Всего отправлено напоминаний: 0 на почту и 0 СМС.
===========END TASKS==17.10.2014 21:37===========

===========START TASKS==21.04.2015 20:47===========
http://diplom5plus.ru/calendar_alert/
Всего отправлено напоминаний: 0 на почту и 0 СМС.
===========END TASKS==21.04.2015 20:47===========

===========START TASKS==22.04.2015 07:45===========
http://diplom5plus.ru/calendar_alert/
Всего отправлено напоминаний: 0 на почту и 0 СМС.
===========END TASKS==22.04.2015 07:45===========

===========START TASKS==22.04.2015 07:46===========
http://diplom5plus.ru/calendar_alert/
Всего отправлено напоминаний: 0 на почту и 0 СМС.
===========END TASKS==22.04.2015 07:46===========

===========START TASKS==22.04.2015 07:46===========
http://diplom5plus.ru/calendar_alert/
Всего отправлено напоминаний: 0 на почту и 0 СМС.
===========END TASKS==22.04.2015 07:46===========

===========START TASKS==28.08.2015 09:02===========
http://diplom5plus.ru/calendar_alert/
Всего отправлено напоминаний: 0 на почту и 0 СМС.
===========END TASKS==28.08.2015 09:02===========

===========START TASKS==19.09.2015 22:53===========
http://diplom5plus.ru/calendar_alert/
Всего отправлено напоминаний: 0 на почту и 0 СМС.
===========END TASKS==19.09.2015 22:53===========

===========START TASKS==19.09.2015 22:54===========
http://diplom5plus.ru/calendar_alert/
Всего отправлено напоминаний: 0 на почту и 0 СМС.
===========END TASKS==19.09.2015 22:54===========

===========START TASKS==19.09.2015 22:54===========
http://diplom5plus.ru/calendar_alert/
Всего отправлено напоминаний: 0 на почту и 0 СМС.
===========END TASKS==19.09.2015 22:54===========

