(2013-05-02 15:31:57) mysql error: [1045: Access denied for user 'root'@'localhost' (using password: YES)] in CONNECT(localhost, '****', '****', my_cms)
(2013-05-02 15:31:59) mysql error: [1045: Access denied for user 'root'@'localhost' (using password: YES)] in CONNECT(localhost, '****', '****', my_cms)
(2013-05-02 15:32:41) mysql error: [1045: Access denied for user 'root'@'localhost' (using password: YES)] in CONNECT(localhost, '****', '****', my_cms)
(2013-05-02 18:14:16) mysql error: [1045: Access denied for user 'root'@'localhost' (using password: NO)] in CONNECT(localhost, '****', '****', test1_2foo)
(2013-05-10 21:53:30) mysql error: [1045: Access denied for user 'root'@'localhost' (using password: NO)] in CONNECT(, '****', '****', )
(2013-05-10 20:53:31) mysql error: [1045: Access denied for user 'test11'@'localhost' (using password: YES)] in CONNECT(localhost, '****', '****', test1_2foo)
(2013-05-10 21:15:23) mysql error: [1146: Table 'test1_2foo.cat_category' doesn't exist] in EXECUTE("
			SELECT 
				`cat_category`.`thumb_image`, `cat_category`.`parent_category`,
				`cat_category_lang`.`name`
			FROM `cat_category`
			LEFT JOIN `cat_category_lang` 
				ON (
					`cat_category`.`idc` = `cat_category_lang`.`idc` 
					AND `cat_category_lang`.`language` = 'ru')
			WHERE 
				`cat_category`.`idc` = NULL
				AND `cat_category`.`switch` = 1")
(2013-05-10 21:18:09) mysql error: [1054: Unknown column 'name' in 'order clause'] in EXECUTE("
			SELECT `idp`
			FROM `cat_product`
			WHERE 
				`parent_category` = NULL
				AND `switch` = 1
			ORDER BY `name`, `sort_order`, `idp`")
(2013-05-10 21:20:41) mysql error: [1054: Unknown column 'name' in 'order clause'] in EXECUTE("
			SELECT `idp`
			FROM `cat_product`
			WHERE 
				`parent_category` = NULL
				AND `switch` = 1
			ORDER BY `name`, `sort_order`, `idp`")
(2013-05-10 21:20:44) mysql error: [1054: Unknown column 'name' in 'order clause'] in EXECUTE("
			SELECT `idp`
			FROM `cat_product`
			WHERE 
				`parent_category` = NULL
				AND `switch` = 1
			ORDER BY `name`, `sort_order`, `idp`")
(2013-05-10 21:20:51) mysql error: [1054: Unknown column 'name' in 'order clause'] in EXECUTE("
			SELECT `idp`
			FROM `cat_product`
			WHERE 
				`parent_category` = NULL
				AND `switch` = 1
			ORDER BY `name`, `sort_order`, `idp`")
(2013-05-10 21:22:38) mysql error: [1103: Incorrect table name 'cat_category
			LEFT JOIN '] in EXECUTE("
			SELECT `idc`
			FROM `cat_category
			LEFT JOIN `cat_category_lang` ON (`idc`)11
			WHERE 
				`parent_category` = NULL
				AND `switch` = 1
			ORDER BY `name`, `sort_order`, `idc`")
(2013-05-10 21:23:24) mysql error: [1064: You have an error in your SQL syntax; check the manual that corresponds to your MySQL server version for the right syntax to use near '11
			WHERE 
				`parent_category` = NULL
				AND `switch` = 1
			ORDER BY `' at line 3] in EXECUTE("
			SELECT `idc`
			FROM `cat_category`
			LEFT JOIN `cat_category_lang` ON (`idc`)11
			WHERE 
				`parent_category` = NULL
				AND `switch` = 1
			ORDER BY `name`, `sort_order`, `idc`")
(2013-05-10 21:23:34) mysql error: [1052: Column 'idc' in field list is ambiguous] in EXECUTE("
			SELECT `idc`
			FROM `cat_category`
			LEFT JOIN `cat_category_lang` ON (`idc`)
			WHERE 
				`parent_category` = NULL
				AND `switch` = 1
			ORDER BY `name`, `sort_order`, `idc`")
(2013-05-10 21:23:58) mysql error: [1052: Column 'idc' in field list is ambiguous] in EXECUTE("
			SELECT `idc`
			FROM `cat_category`
			LEFT JOIN `cat_category_lang` ON (`cat_category`.`idc` = `cat_category_lang`.`idc`)
			WHERE 
				`parent_category` = NULL
				AND `switch` = 1
			ORDER BY `name`, `sort_order`, `idc`")
(2013-05-10 21:24:45) mysql error: [1052: Column 'idc' in field list is ambiguous] in EXECUTE("
			SELECT `idc`
			FROM `cat_category`
			LEFT JOIN `cat_category_lang` ON (
				`cat_category`.`idc` = `cat_category_lang`.`idc`
				AND `language` = NULL
			)
			WHERE 
				`parent_category` = 'ru'
				AND `switch` = 1
			ORDER BY `name`, `sort_order`, `idc`")
(2013-05-10 21:25:35) mysql error: [1052: Column 'idc' in field list is ambiguous] in EXECUTE("
			SELECT `idc`
			FROM `cat_category`
			LEFT JOIN `cat_category_lang` ON (
				`cat_category`.`idc` = `cat_category_lang`.`idc`
				AND `language` = 'ru'
			)
			WHERE 
				`parent_category` = NULL
				AND `switch` = 1
			ORDER BY `name`, `sort_order`, `idc`")
(2013-05-10 21:26:40) mysql error: [1052: Column 'idc' in field list is ambiguous] in EXECUTE("
			SELECT `idc`
			FROM `cat_category`
			LEFT JOIN `cat_category_lang` ON (
				`cat_category`.`idc` = `cat_category_lang`.`idc`
				AND `language` = 'ru'
			)
			WHERE 
				`parent_category` = 1
				AND `switch` = 1
			ORDER BY `name`, `sort_order`, `idc`")
(2013-05-10 21:27:19) mysql error: [1052: Column 'idc' in field list is ambiguous] in EXECUTE("
			SELECT `idc`
			FROM `cat_category`
			LEFT JOIN `cat_category_lang` ON (
				`cat_category`.`idc` = `cat_category_lang`.`idc`
				AND `language` = 'ru'
			)
			WHERE 
				`parent_category` = 1
				AND `switch` = 1
			ORDER BY `name`, `sort_order`, `cat_category`.`idc`")
(2013-05-11 17:16:35) mysql error: [1054: Unknown column 'cat_category.thumb_image' in 'field list'] in EXECUTE("
			SELECT 
				`cat_category`.`thumb_image`, `cat_category`.`parent_category`,
				`cat_category_lang`.`name`
			FROM `cat_category`
			LEFT JOIN `cat_category_lang` 
				ON (
					`cat_category`.`idc` = `cat_category_lang`.`idc` 
					AND `cat_category_lang`.`language` = 'ru')
			WHERE 
				`cat_category`.`idc` = 1")
(2013-05-11 17:20:33) mysql error: [1054: Unknown column 'cat_category.thumb_image' in 'field list'] in EXECUTE("
			SELECT 
				`cat_category`.`thumb_image`, `cat_category`.`parent_category`,
				`cat_category_lang`.`name`
			FROM `cat_category`
			LEFT JOIN `cat_category_lang` 
				ON (
					`cat_category`.`idc` = `cat_category_lang`.`idc` 
					AND `cat_category_lang`.`language` = 'ru')
			WHERE 
				`cat_category`.`idc` = 1")
(2013-05-13 22:32:54) mysql error: [1054: Unknown column 'name' in 'order clause'] in EXECUTE("
			SELECT `idp`
			FROM `cat_product`
			WHERE 
				`parent_category` = '27'
				AND `switch` = 1
			ORDER BY `name`, `sort_order`, `idp`")
(2013-05-13 22:34:04) mysql error: [1054: Unknown column 'name' in 'order clause'] in EXECUTE("
			SELECT `idp`
			FROM `cat_product`
			WHERE 
				`parent_category` = '27'
				AND `switch` = 1
			ORDER BY `name`, `sort_order`, `idp`")
(2013-05-13 22:34:11) mysql error: [1054: Unknown column 'name' in 'order clause'] in EXECUTE("
			SELECT `idp`
			FROM `cat_product`
			WHERE 
				`parent_category` = '27'
				AND `switch` = 1
			ORDER BY `name`, `sort_order`, `idp`")
(2013-05-13 23:01:44) mysql error: [1054: Unknown column 'Array' in 'field list'] in EXECUTE("
						INSERT INTO `cat_product_addinfo` 
						(`idp`, `idpar`, `value`, `language`)
						VALUES ('31', 1, Array, 'ru')")
(2013-05-14 16:46:30) mysql error: [1048: Column 'description' cannot be null] in EXECUTE("
					INSERT 
					INTO `cat_product_lang` 
					(`idp`, `name`, `description`, `language`)
					VALUES ('33', '–ø—É—à–∫–∏–Ω', NULL, 'ru')")
(2013-05-14 16:47:51) mysql error: [1048: Column 'description' cannot be null] in EXECUTE("
					INSERT 
					INTO `cat_product_lang` 
					(`idp`, `name`, `description`, `language`)
					VALUES ('34', '–ø—É—à–∫–∏–Ω', NULL, 'ru')")
(2013-05-14 17:04:07) mysql error: [1048: Column 'description' cannot be null] in EXECUTE("
					INSERT 
					INTO `cat_product_lang` 
					(`idp`, `name`, `description`, `language`)
					VALUES ('35', '–ù–∞–∑–≤–∞–Ω–∏–µ', NULL, 'ru')")
(2013-05-14 17:12:36) mysql error: [1048: Column 'sort_order' cannot be null] in EXECUTE("
				INSERT 
				INTO `cat_product` 
				(`parent_category`, `sort_order`)
				VALUES ('27', NULL)")
(2013-05-14 17:14:14) mysql error: [1048: Column 'sort_order' cannot be null] in EXECUTE("
				INSERT 
				INTO `cat_product` 
				(`parent_category`, `sort_order`)
				VALUES ('33', NULL)")
(2013-05-15 21:17:35) mysql error: [1064: You have an error in your SQL syntax; check the manual that corresponds to your MySQL server version for the right syntax to use near 'FROM 
				SELECT `cat_category`.`idc`
				FROM `cat_category_lang`
				LEFT JOIN' at line 1] in EXECUTE("
				FROM 
				SELECT `cat_category`.`idc`
				FROM `cat_category_lang`
				LEFT JOIN `cat_category` ON (`idc`)
				WHERE 
					`name` LIKE '%'–∫–æ–º–ø–∞–Ω–∏–∏'%'
					OR `description` LIKE '%'–∫–æ–º–ø–∞–Ω–∏–∏'%'")
(2013-05-15 21:18:16) mysql error: [1064: You have an error in your SQL syntax; check the manual that corresponds to your MySQL server version for the right syntax to use near '–∫–æ–º–ø–∞–Ω–∏–∏'%'
					OR `cat_category`.`description` LIKE '%'–∫–æ–º–ø–∞–Ω–∏–' at line 5] in EXECUTE("
				SELECT `cat_category`.`idc`
				FROM `cat_category_lang`
				LEFT JOIN `cat_category` ON (`idc`)
				WHERE 
					`cat_category`.`name` LIKE '%'–∫–æ–º–ø–∞–Ω–∏–∏'%'
					OR `cat_category`.`description` LIKE '%'–∫–æ–º–ø–∞–Ω–∏–∏'%'")
(2013-05-15 21:19:10) mysql error: [1064: You have an error in your SQL syntax; check the manual that corresponds to your MySQL server version for the right syntax to use near '–∫–æ–º–ø–∞–Ω–∏–∏'%'
							OR `cat_category`.`description` LIKE '%'–∫–æ–º–ø–∞–Ω–' at line 7] in EXECUTE("
				SELECT `cat_category`.`idc`
				FROM `cat_category_lang`
				LEFT JOIN `cat_category` 
					ON (
						`cat_category_lang`.`idc` = `cat_category`.`idc`
						AND (
							`cat_category`.`name` LIKE '%'–∫–æ–º–ø–∞–Ω–∏–∏'%'
							OR `cat_category`.`description` LIKE '%'–∫–æ–º–ø–∞–Ω–∏–∏'%'))")
(2013-05-15 21:23:23) mysql error: [1064: You have an error in your SQL syntax; check the manual that corresponds to your MySQL server version for the right syntax to use near '%–∫–æ–º–ø–∞–Ω–∏–∏%'%'))' at line 8] in EXECUTE("
				SELECT `cat_category`.`idc`
				FROM `cat_category_lang`
				LEFT JOIN `cat_category` 
					ON (
						`cat_category_lang`.`idc` = `cat_category`.`idc`
						AND (
							`cat_category`.`name` LIKE '%–∫–æ–º–ø–∞–Ω–∏–∏%'
							OR `cat_category`.`description` LIKE '%'%–∫–æ–º–ø–∞–Ω–∏–∏%'%'))")
(2013-05-15 21:23:40) mysql error: [1054: Unknown column 'cat_category.name' in 'on clause'] in EXECUTE("
				SELECT `cat_category`.`idc`
				FROM `cat_category_lang`
				LEFT JOIN `cat_category` 
					ON (
						`cat_category_lang`.`idc` = `cat_category`.`idc`
						AND (
							`cat_category`.`name` LIKE '%–∫–æ–º–ø–∞–Ω–∏–∏%'
							OR `cat_category`.`description` LIKE '%–∫–æ–º–ø–∞–Ω–∏–∏%'))")
(2013-05-15 21:27:01) mysql error: [1064: You have an error in your SQL syntax; check the manual that corresponds to your MySQL server version for the right syntax to use near ')' at line 7] in EXECUTE("
				SELECT `cat_category`.`idc`
				FROM `cat_category_lang`
				LEFT JOIN `cat_category` 
					ON (`cat_category_lang`.`idc` = `cat_category`.`idc`)
				WHERE
					`cat_category_lang`.`name` LIKE '%–∫–æ–º–ø–∞–Ω–∏–∏%'
					OR `cat_category_lang`.`description` LIKE '%–∫–æ–º–ø–∞–Ω–∏–∏%')")
(2013-05-15 22:00:07) mysql error: [1054: Unknown column 'cat_product_addinf.value' in 'where clause'] in EXECUTE("
				SELECT `cat_product`.`idp`
				FROM `cat_product_addinfo`
				INNER JOIN `cat_product` 
					ON (
						`cat_product`.`idp` = `cat_product_addinfo`.`idp`
						AND `cat_product`.`switch` = 1)
				WHERE LOWER(`cat_product_addinf`.`value`) LIKE '%–∫–æ–º–ø–∞–Ω–∏–∏%'")
(2013-05-22 20:50:18) mysql error: [1040: Too many connections] in CONNECT(localhost, '****', '****', spluso_dip)
(2013-11-09 00:10:28) mysql error: [2002: Can't connect to local MySQL server through socket '/var/run/mysqld/mysqld.sock' (2)] in CONNECT(localhost, '****', '****', spluso_dip)
(2013-11-11 16:08:06) mysql error: [1040: Too many connections] in CONNECT(localhost, '****', '****', spluso_dip)
(2013-11-28 22:52:28) mysql error: [1040: Too many connections] in CONNECT(localhost, '****', '****', spluso_dip)
(2013-11-28 22:52:35) mysql error: [1040: Too many connections] in CONNECT(localhost, '****', '****', spluso_dip)
(2013-11-30 10:16:22) mysql error: [1040: Too many connections] in CONNECT(localhost, '****', '****', spluso_dip)
(2013-12-11 00:10:23) mysql error: [2002: Can't connect to local MySQL server through socket '/var/run/mysqld/mysqld.sock' (2)] in CONNECT(localhost, '****', '****', spluso_dip)
(2013-12-11 00:10:29) mysql error: [2002: Can't connect to local MySQL server through socket '/var/run/mysqld/mysqld.sock' (2)] in CONNECT(localhost, '****', '****', spluso_dip)
(2013-12-19 00:10:23) mysql error: [2002: Can't connect to local MySQL server through socket '/var/run/mysqld/mysqld.sock' (2)] in CONNECT(localhost, '****', '****', spluso_dip)
(2013-12-20 16:45:00) mysql error: [1040: Too many connections] in CONNECT(localhost, '****', '****', spluso_dip)
(2013-12-20 16:45:09) mysql error: [1040: Too many connections] in CONNECT(localhost, '****', '****', spluso_dip)
(2014-01-12 20:22:31) mysql error: [1040: Too many connections] in CONNECT(localhost, '****', '****', spluso_dip)
(2014-01-14 15:05:29) mysql error: [1040: Too many connections] in CONNECT(localhost, '****', '****', spluso_dip)
(2014-01-29 23:03:01) mysql error: [2006: MySQL server has gone away] in EXECUTE("SELECT * FROM su_page_gal WHERE photo_type='page' AND type_id='Contacts' AND photo_group='1' ORDER BY photo_id")
(2014-01-30 00:17:59) mysql error: [2006: MySQL server has gone away] in EXECUTE("
			SELECT 
				`cat_product`.`thumb_image`, `cat_product`.`parent_category`,
				`cat_product_lang`.`name`, `cat_product_lang`.`description`
			FROM `cat_product`
			LEFT JOIN `cat_product_lang` 
				ON (
					`cat_product`.`idp` = `cat_product_lang`.`idp`
					AND `cat_product_lang`.`language` = 'ru')
			WHERE 
				`cat_product`.`idp` = '60'
				AND `cat_product`.`switch` = 1")
(2014-03-10 08:34:38) mysql error: [1040: Too many connections] in CONNECT(localhost, '****', '****', spluso_dip)
(2014-04-02 02:45:51) mysql error: [2002: Can't connect to local MySQL server through socket '/var/run/mysqld/mysqld.sock' (111)] in CONNECT(localhost, '****', '****', spluso_dip)
(2014-04-06 01:10:43) mysql error: [2002: Can't connect to local MySQL server through socket '/var/run/mysqld/mysqld.sock' (2)] in CONNECT(localhost, '****', '****', spluso_dip)
(2014-04-22 01:10:08) mysql error: [2002: Can't connect to local MySQL server through socket '/var/run/mysqld/mysqld.sock' (2)] in CONNECT(localhost, '****', '****', spluso_dip)
(2014-04-22 01:10:08) mysql error: [2002: Can't connect to local MySQL server through socket '/var/run/mysqld/mysqld.sock' (2)] in CONNECT(localhost, '****', '****', spluso_dip)
(2014-11-06 19:33:32) mysql error: [1040: Too many connections] in CONNECT(localhost, '****', '****', spluso_dip)
(2014-11-20 14:33:20) mysql error: [1040: Too many connections] in CONNECT(localhost, '****', '****', spluso_dip)
(2014-12-28 01:10:15) mysql error: [2002: No such file or directory] in CONNECT(localhost, '****', '****', spluso_dip)
(2015-01-06 01:10:40) mysql error: [2002: No such file or directory] in CONNECT(localhost, '****', '****', spluso_dip)
(2015-02-08 01:10:28) mysql error: [2002: No such file or directory] in CONNECT(localhost, '****', '****', spluso_dip)
(2015-02-08 01:10:42) mysql error: [2002: No such file or directory] in CONNECT(localhost, '****', '****', spluso_dip)
(2015-09-22 22:39:26) mysql error: [1045: Access denied for user 'root'@'localhost' (using password: YES)] in CONNECT(localhost, '****', '****', spluso_dip)
(2015-09-22 23:51:34) mysql error: [1045: Access denied for user 'root'@'localhost' (using password: YES)] in CONNECT(localhost, '****', '****', spluso_dip)
